# JRE version: OpenJDK Runtime Environment (8.0_121-b13) (build 1.8.0_121-8u121-b13-0ubuntu1.16.04.2-b13)
# Java VM: OpenJDK 64-Bit Server VM (25.121-b13 mixed mode linux-amd64 compressed oops)
Heap:
 PSYoungGen      total 1071104K, used 574876K [0x000000076ab00000, 0x00000007bf980000, 0x00000007c0000000)
  eden space 755712K, 76% used [0x000000076ab00000,0x000000078dc560d8,0x0000000798d00000)
  from space 315392K, 0% used [0x0000000798d00000,0x0000000798d11010,0x00000007ac100000)
  to   space 308736K, 0% used [0x00000007acc00000,0x00000007acc00000,0x00000007bf980000)
 ParOldGen       total 1224704K, used 1053665K [0x00000006c0000000, 0x000000070ac00000, 0x000000076ab00000)
  object space 1224704K, 86% used [0x00000006c0000000,0x00000007004f8748,0x000000070ac00000)
 Metaspace       used 9628K, capacity 9938K, committed 10112K, reserved 1058816K
  class space    used 1048K, capacity 1144K, committed 1152K, reserved 1048576K
GC Heap History (10 events):
Event: 63,352 GC heap before
{Heap before GC invocations=22 (full 1):
 PSYoungGen      total 995328K, used 995327K [0x000000076ab00000, 0x00000007c0000000, 0x00000007c0000000)
  eden space 845824K, 100% used [0x000000076ab00000,0x000000079e500000,0x000000079e500000)
  from space 149504K, 99% used [0x00000007b6e00000,0x00000007bffffc30,0x00000007c0000000)
  to   space 275968K, 0% used [0x000000079e500000,0x000000079e500000,0x00000007af280000)
 ParOldGen       total 699392K, used 510523K [0x00000006c0000000, 0x00000006eab00000, 0x000000076ab00000)
  object space 699392K, 72% used [0x00000006c0000000,0x00000006df28eed8,0x00000006eab00000)
 Metaspace       used 9621K, capacity 9938K, committed 10112K, reserved 1058816K
  class space    used 1047K, capacity 1144K, committed 1152K, reserved 1048576K
Event: 63,406 GC heap after
Heap after GC invocations=22 (full 1):
 PSYoungGen      total 1121792K, used 275942K [0x000000076ab00000, 0x00000007c0000000, 0x00000007c0000000)
  eden space 845824K, 0% used [0x000000076ab00000,0x000000076ab00000,0x000000079e500000)
  from space 275968K, 99% used [0x000000079e500000,0x00000007af279a60,0x00000007af280000)
  to   space 275968K, 0% used [0x00000007af280000,0x00000007af280000,0x00000007c0000000)
 ParOldGen       total 699392K, used 515323K [0x00000006c0000000, 0x00000006eab00000, 0x000000076ab00000)
  object space 699392K, 73% used [0x00000006c0000000,0x00000006df73ecf8,0x00000006eab00000)
 Metaspace       used 9621K, capacity 9938K, committed 10112K, reserved 1058816K
  class space    used 1047K, capacity 1144K, committed 1152K, reserved 1048576K
}
Event: 64,435 GC heap before
{Heap before GC invocations=23 (full 1):
 PSYoungGen      total 1121792K, used 1121766K [0x000000076ab00000, 0x00000007c0000000, 0x00000007c0000000)
  eden space 845824K, 100% used [0x000000076ab00000,0x000000079e500000,0x000000079e500000)
  from space 275968K, 99% used [0x000000079e500000,0x00000007af279a60,0x00000007af280000)
  to   space 275968K, 0% used [0x00000007af280000,0x00000007af280000,0x00000007c0000000)
 ParOldGen       total 1224704K, used 1040299K [0x00000006c0000000, 0x000000070ac00000, 0x000000076ab00000)
  object space 1224704K, 84% used [0x00000006c0000000,0x00000006ff7ead08,0x000000070ac00000)
 Metaspace       used 9621K, capacity 9938K, committed 10112K, reserved 1058816K
  class space    used 1047K, capacity 1144K, committed 1152K, reserved 1048576K
Event: 64,446 GC heap after
Heap after GC invocations=23 (full 1):
 PSYoungGen      total 1029632K, used 7354K [0x000000076ab00000, 0x00000007c0000000, 0x00000007c0000000)
  eden space 753664K, 0% used [0x000000076ab00000,0x000000076ab00000,0x0000000798b00000)
  from space 275968K, 2% used [0x00000007af280000,0x00000007af9ae990,0x00000007c0000000)
  to   space 322048K, 0% used [0x0000000798b00000,0x0000000798b00000,0x00000007ac580000)
 ParOldGen       total 1224704K, used 1046443K [0x00000006c0000000, 0x000000070ac00000, 0x000000076ab00000)
  object space 1224704K, 85% used [0x00000006c0000000,0x00000006ffdeadc8,0x000000070ac00000)
 Metaspace       used 9621K, capacity 9938K, committed 10112K, reserved 1058816K
  class space    used 1047K, capacity 1144K, committed 1152K, reserved 1048576K
}
Event: 64,851 GC heap before
{Heap before GC invocations=24 (full 1):
 PSYoungGen      total 1029632K, used 761018K [0x000000076ab00000, 0x00000007c0000000, 0x00000007c0000000)
  eden space 753664K, 100% used [0x000000076ab00000,0x0000000798b00000,0x0000000798b00000)
  from space 275968K, 2% used [0x00000007af280000,0x00000007af9ae990,0x00000007c0000000)
  to   space 322048K, 0% used [0x0000000798b00000,0x0000000798b00000,0x00000007ac580000)
 ParOldGen       total 1224704K, used 1046443K [0x00000006c0000000, 0x000000070ac00000, 0x000000076ab00000)
  object space 1224704K, 85% used [0x00000006c0000000,0x00000006ffdeadc8,0x000000070ac00000)
 Metaspace       used 9621K, capacity 9938K, committed 10112K, reserved 1058816K
  class space    used 1047K, capacity 1144K, committed 1152K, reserved 1048576K
Event: 64,861 GC heap after
Heap after GC invocations=24 (full 1):
 PSYoungGen      total 1075712K, used 136K [0x000000076ab00000, 0x00000007c0000000, 0x00000007c0000000)
  eden space 753664K, 0% used [0x000000076ab00000,0x000000076ab00000,0x0000000798b00000)
  from space 322048K, 0% used [0x0000000798b00000,0x0000000798b22010,0x00000007ac580000)
  to   space 320000K, 0% used [0x00000007ac780000,0x00000007ac780000,0x00000007c0000000)
 ParOldGen       total 1224704K, used 1053665K [0x00000006c0000000, 0x000000070ac00000, 0x000000076ab00000)
  object space 1224704K, 86% used [0x00000006c0000000,0x00000007004f8748,0x000000070ac00000)
 Metaspace       used 9621K, capacity 9938K, committed 10112K, reserved 1058816K
  class space    used 1047K, capacity 1144K, committed 1152K, reserved 1048576K
}
Event: 65,293 GC heap before
{Heap before GC invocations=25 (full 1):
 PSYoungGen      total 1075712K, used 753800K [0x000000076ab00000, 0x00000007c0000000, 0x00000007c0000000)
  eden space 753664K, 100% used [0x000000076ab00000,0x0000000798b00000,0x0000000798b00000)
  from space 322048K, 0% used [0x0000000798b00000,0x0000000798b22010,0x00000007ac580000)
  to   space 320000K, 0% used [0x00000007ac780000,0x00000007ac780000,0x00000007c0000000)
 ParOldGen       total 1224704K, used 1053665K [0x00000006c0000000, 0x000000070ac00000, 0x000000076ab00000)
  object space 1224704K, 86% used [0x00000006c0000000,0x00000007004f8748,0x000000070ac00000)
 Metaspace       used 9621K, capacity 9938K, committed 10112K, reserved 1058816K
  class space    used 1047K, capacity 1144K, committed 1152K, reserved 1048576K
Event: 65,302 GC heap after
Heap after GC invocations=25 (full 1):
 PSYoungGen      total 1064448K, used 32K [0x000000076ab00000, 0x00000007bf500000, 0x00000007c0000000)
  eden space 755712K, 0% used [0x000000076ab00000,0x000000076ab00000,0x0000000798d00000)
  from space 308736K, 0% used [0x00000007ac780000,0x00000007ac788000,0x00000007bf500000)
  to   space 315392K, 0% used [0x0000000798d00000,0x0000000798d00000,0x00000007ac100000)
 ParOldGen       total 1224704K, used 1053665K [0x00000006c0000000, 0x000000070ac00000, 0x000000076ab00000)
  object space 1224704K, 86% used [0x00000006c0000000,0x00000007004f8748,0x000000070ac00000)
 Metaspace       used 9621K, capacity 9938K, committed 10112K, reserved 1058816K
  class space    used 1047K, capacity 1144K, committed 1152K, reserved 1048576K
}
Event: 65,710 GC heap before
{Heap before GC invocations=26 (full 1):
 PSYoungGen      total 1064448K, used 755744K [0x000000076ab00000, 0x00000007bf500000, 0x00000007c0000000)
  eden space 755712K, 100% used [0x000000076ab00000,0x0000000798d00000,0x0000000798d00000)
  from space 308736K, 0% used [0x00000007ac780000,0x00000007ac788000,0x00000007bf500000)
  to   space 315392K, 0% used [0x0000000798d00000,0x0000000798d00000,0x00000007ac100000)
 ParOldGen       total 1224704K, used 1053665K [0x00000006c0000000, 0x000000070ac00000, 0x000000076ab00000)
  object space 1224704K, 86% used [0x00000006c0000000,0x00000007004f8748,0x000000070ac00000)
 Metaspace       used 9627K, capacity 9938K, committed 10112K, reserved 1058816K
  class space    used 1047K, capacity 1144K, committed 1152K, reserved 1048576K
Event: 65,723 GC heap after
Heap after GC invocations=26 (full 1):
 PSYoungGen      total 1071104K, used 68K [0x000000076ab00000, 0x00000007bf980000, 0x00000007c0000000)
  eden space 755712K, 0% used [0x000000076ab00000,0x000000076ab00000,0x0000000798d00000)
  from space 315392K, 0% used [0x0000000798d00000,0x0000000798d11010,0x00000007ac100000)
  to   space 308736K, 0% used [0x00000007acc00000,0x00000007acc00000,0x00000007bf980000)
 ParOldGen       total 1224704K, used 1053665K [0x00000006c0000000, 0x000000070ac00000, 0x000000076ab00000)
  object space 1224704K, 86% used [0x00000006c0000000,0x00000007004f8748,0x000000070ac00000)
 Metaspace       used 9627K, capacity 9938K, committed 10112K, reserved 1058816K
  class space    used 1047K, capacity 1144K, committed 1152K, reserved 1048576K
}

