# JRE version: OpenJDK Runtime Environment (8.0_121-b13) (build 1.8.0_121-8u121-b13-0ubuntu1.16.04.2-b13)
# Java VM: OpenJDK 64-Bit Server VM (25.121-b13 mixed mode linux-amd64 compressed oops)
Heap:
 PSYoungGen      total 567808K, used 43507K [0x000000076ab00000, 0x0000000790000000, 0x00000007c0000000)
  eden space 524288K, 0% used [0x000000076ab00000,0x000000076ab00000,0x000000078ab00000)
  from space 43520K, 99% used [0x000000078ab00000,0x000000078d57cfe0,0x000000078d580000)
  to   space 43520K, 0% used [0x000000078d580000,0x000000078d580000,0x0000000790000000)
 ParOldGen       total 699392K, used 528025K [0x00000006c0000000, 0x00000006eab00000, 0x000000076ab00000)
  object space 699392K, 75% used [0x00000006c0000000,0x00000006e03a66d0,0x00000006eab00000)
 Metaspace       used 7491K, capacity 7648K, committed 7936K, reserved 1056768K
  class space    used 863K, capacity 923K, committed 1024K, reserved 1048576K
GC Heap History (5 events):
Event: 1,693 GC heap before
{Heap before GC invocations=1 (full 0):
 PSYoungGen      total 305664K, used 262144K [0x000000076ab00000, 0x0000000780000000, 0x00000007c0000000)
  eden space 262144K, 100% used [0x000000076ab00000,0x000000077ab00000,0x000000077ab00000)
  from space 43520K, 0% used [0x000000077d580000,0x000000077d580000,0x0000000780000000)
  to   space 43520K, 0% used [0x000000077ab00000,0x000000077ab00000,0x000000077d580000)
 ParOldGen       total 699392K, used 0K [0x00000006c0000000, 0x00000006eab00000, 0x000000076ab00000)
  object space 699392K, 0% used [0x00000006c0000000,0x00000006c0000000,0x00000006eab00000)
 Metaspace       used 7490K, capacity 7648K, committed 7936K, reserved 1056768K
  class space    used 863K, capacity 923K, committed 1024K, reserved 1048576K
Event: 1,903 GC heap after
Heap after GC invocations=1 (full 0):
 PSYoungGen      total 305664K, used 43499K [0x000000076ab00000, 0x0000000790000000, 0x00000007c0000000)
  eden space 262144K, 0% used [0x000000076ab00000,0x000000076ab00000,0x000000077ab00000)
  from space 43520K, 99% used [0x000000077ab00000,0x000000077d57ac40,0x000000077d580000)
  to   space 43520K, 0% used [0x000000078d580000,0x000000078d580000,0x0000000790000000)
 ParOldGen       total 699392K, used 88258K [0x00000006c0000000, 0x00000006eab00000, 0x000000076ab00000)
  object space 699392K, 12% used [0x00000006c0000000,0x00000006c5630850,0x00000006eab00000)
 Metaspace       used 7490K, capacity 7648K, committed 7936K, reserved 1056768K
  class space    used 863K, capacity 923K, committed 1024K, reserved 1048576K
}
Event: 2,018 GC heap before
{Heap before GC invocations=2 (full 0):
 PSYoungGen      total 305664K, used 305643K [0x000000076ab00000, 0x0000000790000000, 0x00000007c0000000)
  eden space 262144K, 100% used [0x000000076ab00000,0x000000077ab00000,0x000000077ab00000)
  from space 43520K, 99% used [0x000000077ab00000,0x000000077d57ac40,0x000000077d580000)
  to   space 43520K, 0% used [0x000000078d580000,0x000000078d580000,0x0000000790000000)
 ParOldGen       total 699392K, used 88258K [0x00000006c0000000, 0x00000006eab00000, 0x000000076ab00000)
  object space 699392K, 12% used [0x00000006c0000000,0x00000006c5630850,0x00000006eab00000)
 Metaspace       used 7491K, capacity 7648K, committed 7936K, reserved 1056768K
  class space    used 863K, capacity 923K, committed 1024K, reserved 1048576K
Event: 2,354 GC heap after
Heap after GC invocations=2 (full 0):
 PSYoungGen      total 567808K, used 43491K [0x000000076ab00000, 0x0000000790000000, 0x00000007c0000000)
  eden space 524288K, 0% used [0x000000076ab00000,0x000000076ab00000,0x000000078ab00000)
  from space 43520K, 99% used [0x000000078d580000,0x000000078fff8ff0,0x0000000790000000)
  to   space 43520K, 0% used [0x000000078ab00000,0x000000078ab00000,0x000000078d580000)
 ParOldGen       total 699392K, used 234735K [0x00000006c0000000, 0x00000006eab00000, 0x000000076ab00000)
  object space 699392K, 33% used [0x00000006c0000000,0x00000006ce53be60,0x00000006eab00000)
 Metaspace       used 7491K, capacity 7648K, committed 7936K, reserved 1056768K
  class space    used 863K, capacity 923K, committed 1024K, reserved 1048576K
}
Event: 2,867 GC heap before
{Heap before GC invocations=3 (full 0):
 PSYoungGen      total 567808K, used 567779K [0x000000076ab00000, 0x0000000790000000, 0x00000007c0000000)
  eden space 524288K, 100% used [0x000000076ab00000,0x000000078ab00000,0x000000078ab00000)
  from space 43520K, 99% used [0x000000078d580000,0x000000078fff8ff0,0x0000000790000000)
  to   space 43520K, 0% used [0x000000078ab00000,0x000000078ab00000,0x000000078d580000)
 ParOldGen       total 699392K, used 234735K [0x00000006c0000000, 0x00000006eab00000, 0x000000076ab00000)
  object space 699392K, 33% used [0x00000006c0000000,0x00000006ce53be60,0x00000006eab00000)
 Metaspace       used 7491K, capacity 7648K, committed 7936K, reserved 1056768K
  class space    used 863K, capacity 923K, committed 1024K, reserved 1048576K

