# JRE version: OpenJDK Runtime Environment (8.0_121-b13) (build 1.8.0_121-8u121-b13-0ubuntu1.16.04.2-b13)
# Java VM: OpenJDK 64-Bit Server VM (25.121-b13 mixed mode linux-amd64 compressed oops)
Heap:
 PSYoungGen      total 1296896K, used 455184K [0x000000076ab00000, 0x00000007bfd80000, 0x00000007c0000000)
  eden space 1198592K, 37% used [0x000000076ab00000,0x00000007867731a8,0x00000007b3d80000)
  from space 98304K, 0% used [0x00000007b3d80000,0x00000007b3d91010,0x00000007b9d80000)
  to   space 96256K, 0% used [0x00000007b9f80000,0x00000007b9f80000,0x00000007bfd80000)
 ParOldGen       total 1659392K, used 1199267K [0x00000006c0000000, 0x0000000725480000, 0x000000076ab00000)
  object space 1659392K, 72% used [0x00000006c0000000,0x0000000709328f30,0x0000000725480000)
 Metaspace       used 9645K, capacity 10002K, committed 10112K, reserved 1058816K
  class space    used 1047K, capacity 1144K, committed 1152K, reserved 1048576K
GC Heap History (10 events):
Event: 64,771 GC heap before
{Heap before GC invocations=20 (full 0):
 PSYoungGen      total 1204736K, used 1204328K [0x000000076ab00000, 0x00000007c0000000, 0x00000007c0000000)
  eden space 1204224K, 100% used [0x000000076ab00000,0x00000007b4300000,0x00000007b4300000)
  from space 512K, 20% used [0x00000007b4300000,0x00000007b431a010,0x00000007b4380000)
  to   space 98816K, 0% used [0x00000007b9f80000,0x00000007b9f80000,0x00000007c0000000)
 ParOldGen       total 699392K, used 530661K [0x00000006c0000000, 0x00000006eab00000, 0x000000076ab00000)
  object space 699392K, 75% used [0x00000006c0000000,0x00000006e06396a0,0x00000006eab00000)
 Metaspace       used 9644K, capacity 10002K, committed 10112K, reserved 1058816K
  class space    used 1046K, capacity 1144K, committed 1152K, reserved 1048576K
Event: 64,962 GC heap after
Heap after GC invocations=20 (full 0):
 PSYoungGen      total 1296896K, used 68K [0x000000076ab00000, 0x00000007c0000000, 0x00000007c0000000)
  eden space 1198080K, 0% used [0x000000076ab00000,0x000000076ab00000,0x00000007b3d00000)
  from space 98816K, 0% used [0x00000007b9f80000,0x00000007b9f91010,0x00000007c0000000)
  to   space 99840K, 0% used [0x00000007b3d00000,0x00000007b3d00000,0x00000007b9e80000)
 ParOldGen       total 967168K, used 798037K [0x00000006c0000000, 0x00000006fb080000, 0x000000076ab00000)
  object space 967168K, 82% used [0x00000006c0000000,0x00000006f0b556b0,0x00000006fb080000)
 Metaspace       used 9644K, capacity 10002K, committed 10112K, reserved 1058816K
  class space    used 1046K, capacity 1144K, committed 1152K, reserved 1048576K
}
Event: 64,962 GC heap before
{Heap before GC invocations=21 (full 1):
 PSYoungGen      total 1296896K, used 68K [0x000000076ab00000, 0x00000007c0000000, 0x00000007c0000000)
  eden space 1198080K, 0% used [0x000000076ab00000,0x000000076ab00000,0x00000007b3d00000)
  from space 98816K, 0% used [0x00000007b9f80000,0x00000007b9f91010,0x00000007c0000000)
  to   space 99840K, 0% used [0x00000007b3d00000,0x00000007b3d00000,0x00000007b9e80000)
 ParOldGen       total 967168K, used 798037K [0x00000006c0000000, 0x00000006fb080000, 0x000000076ab00000)
  object space 967168K, 82% used [0x00000006c0000000,0x00000006f0b556b0,0x00000006fb080000)
 Metaspace       used 9644K, capacity 10002K, committed 10112K, reserved 1058816K
  class space    used 1046K, capacity 1144K, committed 1152K, reserved 1048576K
Event: 65,481 GC heap after
Heap after GC invocations=21 (full 1):
 PSYoungGen      total 1296896K, used 0K [0x000000076ab00000, 0x00000007c0000000, 0x00000007c0000000)
  eden space 1198080K, 0% used [0x000000076ab00000,0x000000076ab00000,0x00000007b3d00000)
  from space 98816K, 0% used [0x00000007b9f80000,0x00000007b9f80000,0x00000007c0000000)
  to   space 99840K, 0% used [0x00000007b3d00000,0x00000007b3d00000,0x00000007b9e80000)
 ParOldGen       total 1124352K, used 664363K [0x00000006c0000000, 0x0000000704a00000, 0x000000076ab00000)
  object space 1124352K, 59% used [0x00000006c0000000,0x00000006e88caf10,0x0000000704a00000)
 Metaspace       used 9644K, capacity 10002K, committed 10112K, reserved 1058816K
  class space    used 1046K, capacity 1144K, committed 1152K, reserved 1048576K
}
Event: 65,934 GC heap before
{Heap before GC invocations=22 (full 1):
 PSYoungGen      total 1296896K, used 1198080K [0x000000076ab00000, 0x00000007c0000000, 0x00000007c0000000)
  eden space 1198080K, 100% used [0x000000076ab00000,0x00000007b3d00000,0x00000007b3d00000)
  from space 98816K, 0% used [0x00000007b9f80000,0x00000007b9f80000,0x00000007c0000000)
  to   space 99840K, 0% used [0x00000007b3d00000,0x00000007b3d00000,0x00000007b9e80000)
 ParOldGen       total 1124352K, used 664363K [0x00000006c0000000, 0x0000000704a00000, 0x000000076ab00000)
  object space 1124352K, 59% used [0x00000006c0000000,0x00000006e88caf10,0x0000000704a00000)
 Metaspace       used 9644K, capacity 10002K, committed 10112K, reserved 1058816K
  class space    used 1046K, capacity 1144K, committed 1152K, reserved 1048576K
Event: 66,293 GC heap after
Heap after GC invocations=22 (full 1):
 PSYoungGen      total 1297920K, used 248K [0x000000076ab00000, 0x00000007c0000000, 0x00000007c0000000)
  eden space 1198080K, 0% used [0x000000076ab00000,0x000000076ab00000,0x00000007b3d00000)
  from space 99840K, 0% used [0x00000007b3d00000,0x00000007b3d3e020,0x00000007b9e80000)
  to   space 99328K, 0% used [0x00000007b9f00000,0x00000007b9f00000,0x00000007c0000000)
 ParOldGen       total 1659392K, used 1199115K [0x00000006c0000000, 0x0000000725480000, 0x000000076ab00000)
  object space 1659392K, 72% used [0x00000006c0000000,0x0000000709302f20,0x0000000725480000)
 Metaspace       used 9644K, capacity 10002K, committed 10112K, reserved 1058816K
  class space    used 1046K, capacity 1144K, committed 1152K, reserved 1048576K
}
Event: 66,963 GC heap before
{Heap before GC invocations=23 (full 1):
 PSYoungGen      total 1297920K, used 1198328K [0x000000076ab00000, 0x00000007c0000000, 0x00000007c0000000)
  eden space 1198080K, 100% used [0x000000076ab00000,0x00000007b3d00000,0x00000007b3d00000)
  from space 99840K, 0% used [0x00000007b3d00000,0x00000007b3d3e020,0x00000007b9e80000)
  to   space 99328K, 0% used [0x00000007b9f00000,0x00000007b9f00000,0x00000007c0000000)
 ParOldGen       total 1659392K, used 1199115K [0x00000006c0000000, 0x0000000725480000, 0x000000076ab00000)
  object space 1659392K, 72% used [0x00000006c0000000,0x0000000709302f20,0x0000000725480000)
 Metaspace       used 9644K, capacity 10002K, committed 10112K, reserved 1058816K
  class space    used 1046K, capacity 1144K, committed 1152K, reserved 1048576K
Event: 66,971 GC heap after
Heap after GC invocations=23 (full 1):
 PSYoungGen      total 1295360K, used 32K [0x000000076ab00000, 0x00000007bfd80000, 0x00000007c0000000)
  eden space 1198592K, 0% used [0x000000076ab00000,0x000000076ab00000,0x00000007b3d80000)
  from space 96768K, 0% used [0x00000007b9f00000,0x00000007b9f08000,0x00000007bfd80000)
  to   space 98304K, 0% used [0x00000007b3d80000,0x00000007b3d80000,0x00000007b9d80000)
 ParOldGen       total 1659392K, used 1199259K [0x00000006c0000000, 0x0000000725480000, 0x000000076ab00000)
  object space 1659392K, 72% used [0x00000006c0000000,0x0000000709326f30,0x0000000725480000)
 Metaspace       used 9644K, capacity 10002K, committed 10112K, reserved 1058816K
  class space    used 1046K, capacity 1144K, committed 1152K, reserved 1048576K
}
Event: 67,637 GC heap before
{Heap before GC invocations=24 (full 1):
 PSYoungGen      total 1295360K, used 1198624K [0x000000076ab00000, 0x00000007bfd80000, 0x00000007c0000000)
  eden space 1198592K, 100% used [0x000000076ab00000,0x00000007b3d80000,0x00000007b3d80000)
  from space 96768K, 0% used [0x00000007b9f00000,0x00000007b9f08000,0x00000007bfd80000)
  to   space 98304K, 0% used [0x00000007b3d80000,0x00000007b3d80000,0x00000007b9d80000)
 ParOldGen       total 1659392K, used 1199259K [0x00000006c0000000, 0x0000000725480000, 0x000000076ab00000)
  object space 1659392K, 72% used [0x00000006c0000000,0x0000000709326f30,0x0000000725480000)
 Metaspace       used 9645K, capacity 10002K, committed 10112K, reserved 1058816K
  class space    used 1047K, capacity 1144K, committed 1152K, reserved 1048576K
Event: 67,643 GC heap after
Heap after GC invocations=24 (full 1):
 PSYoungGen      total 1296896K, used 68K [0x000000076ab00000, 0x00000007bfd80000, 0x00000007c0000000)
  eden space 1198592K, 0% used [0x000000076ab00000,0x000000076ab00000,0x00000007b3d80000)
  from space 98304K, 0% used [0x00000007b3d80000,0x00000007b3d91010,0x00000007b9d80000)
  to   space 96256K, 0% used [0x00000007b9f80000,0x00000007b9f80000,0x00000007bfd80000)
 ParOldGen       total 1659392K, used 1199267K [0x00000006c0000000, 0x0000000725480000, 0x000000076ab00000)
  object space 1659392K, 72% used [0x00000006c0000000,0x0000000709328f30,0x0000000725480000)
 Metaspace       used 9645K, capacity 10002K, committed 10112K, reserved 1058816K
  class space    used 1047K, capacity 1144K, committed 1152K, reserved 1048576K
}

